<?xml version="1.0" encoding="UTF-8"?>
<testsuites>
  <testsuite name="fastlane.lanes">
    
    
    
      
      <testcase classname="fastlane.lanes" name="0: default_platform" time="0.000151">
        
      </testcase>
    
      
      <testcase classname="fastlane.lanes" name="1: assembleDebug" time="23.543388">
        
          <failure message="/opt/homebrew/Cellar/fastlane/2.210.0/libexec/gems/fastlane-2.210.0/fastlane/lib/fastlane/actions/actions_helper.rb:67:in `execute_action&apos;&#10;/opt/homebrew/Cellar/fastlane/2.210.0/libexec/gems/fastlane-2.210.0/fastlane/lib/fastlane/runner.rb:255:in `block in execute_action&apos;&#10;/opt/homebrew/Cellar/fastlane/2.210.0/libexec/gems/fastlane-2.210.0/fastlane/lib/fastlane/runner.rb:229:in `chdir&apos;&#10;/opt/homebrew/Cellar/fastlane/2.210.0/libexec/gems/fastlane-2.210.0/fastlane/lib/fastlane/runner.rb:229:in `execute_action&apos;&#10;/opt/homebrew/Cellar/fastlane/2.210.0/libexec/gems/fastlane-2.210.0/fastlane/lib/fastlane/runner.rb:157:in `trigger_action_by_name&apos;&#10;/opt/homebrew/Cellar/fastlane/2.210.0/libexec/gems/fastlane-2.210.0/fastlane/lib/fastlane/fast_file.rb:159:in `method_missing&apos;&#10;Fastfile:6:in `block (2 levels) in parsing_binding&apos;&#10;/opt/homebrew/Cellar/fastlane/2.210.0/libexec/gems/fastlane-2.210.0/fastlane/lib/fastlane/lane.rb:33:in `call&apos;&#10;/opt/homebrew/Cellar/fastlane/2.210.0/libexec/gems/fastlane-2.210.0/fastlane/lib/fastlane/runner.rb:49:in `block in execute&apos;&#10;/opt/homebrew/Cellar/fastlane/2.210.0/libexec/gems/fastlane-2.210.0/fastlane/lib/fastlane/runner.rb:45:in `chdir&apos;&#10;/opt/homebrew/Cellar/fastlane/2.210.0/libexec/gems/fastlane-2.210.0/fastlane/lib/fastlane/runner.rb:45:in `execute&apos;&#10;/opt/homebrew/Cellar/fastlane/2.210.0/libexec/gems/fastlane-2.210.0/fastlane/lib/fastlane/lane_manager.rb:47:in `cruise_lane&apos;&#10;/opt/homebrew/Cellar/fastlane/2.210.0/libexec/gems/fastlane-2.210.0/fastlane/lib/fastlane/command_line_handler.rb:36:in `handle&apos;&#10;/opt/homebrew/Cellar/fastlane/2.210.0/libexec/gems/fastlane-2.210.0/fastlane/lib/fastlane/commands_generator.rb:110:in `block (2 levels) in run&apos;&#10;/opt/homebrew/Cellar/fastlane/2.210.0/libexec/gems/commander-4.6.0/lib/commander/command.rb:187:in `call&apos;&#10;/opt/homebrew/Cellar/fastlane/2.210.0/libexec/gems/commander-4.6.0/lib/commander/command.rb:157:in `run&apos;&#10;/opt/homebrew/Cellar/fastlane/2.210.0/libexec/gems/commander-4.6.0/lib/commander/runner.rb:444:in `run_active_command&apos;&#10;/opt/homebrew/Cellar/fastlane/2.210.0/libexec/gems/fastlane-2.210.0/fastlane_core/lib/fastlane_core/ui/fastlane_runner.rb:124:in `run!&apos;&#10;/opt/homebrew/Cellar/fastlane/2.210.0/libexec/gems/commander-4.6.0/lib/commander/delegates.rb:18:in `run!&apos;&#10;/opt/homebrew/Cellar/fastlane/2.210.0/libexec/gems/fastlane-2.210.0/fastlane/lib/fastlane/commands_generator.rb:354:in `run&apos;&#10;/opt/homebrew/Cellar/fastlane/2.210.0/libexec/gems/fastlane-2.210.0/fastlane/lib/fastlane/commands_generator.rb:43:in `start&apos;&#10;/opt/homebrew/Cellar/fastlane/2.210.0/libexec/gems/fastlane-2.210.0/fastlane/lib/fastlane/cli_tools_distributor.rb:123:in `take_off&apos;&#10;/opt/homebrew/Cellar/fastlane/2.210.0/libexec/gems/fastlane-2.210.0/bin/fastlane:23:in `&lt;top (required)&gt;&apos;&#10;/opt/homebrew/Cellar/fastlane/2.210.0/libexec/bin/fastlane:25:in `load&apos;&#10;/opt/homebrew/Cellar/fastlane/2.210.0/libexec/bin/fastlane:25:in `&lt;main&gt;&apos;&#10;&#10;Exit status of command &apos;/Users/tarikyasar/Projects/android-curmin/gradlew assembleDebug -p .&apos; was 1 instead of 0.&#10;Starting a Gradle Daemon, 1 incompatible and 1 stopped Daemons could not be reused, use --status for details&#10;Warning: This version only understands SDK XML versions up to 2 but an SDK XML file of version 3 was encountered. This can happen if you use versions of Android Studio and the command-line tools that were released at different times.&#10;Warning: unexpected element (uri:&quot;&quot;, local:&quot;base-extension&quot;). Expected elements are &lt;{}codename&gt;,&lt;{}layoutlib&gt;,&lt;{}api-level&gt;&#10;WARNING:We recommend using a newer Android Gradle plugin to use compileSdk = 32&#10;&#10;This Android Gradle plugin (7.0.2) was tested up to compileSdk = 31&#10;&#10;This warning can be suppressed by adding&#10;    android.suppressUnsupportedCompileSdk=32&#10;to this project&apos;s gradle.properties&#10;&#10;The build will continue, but you are strongly encouraged to update your project to&#10;use a newer Android Gradle Plugin that has been tested with compileSdk = 32&#10;&gt; Task :app:preBuild UP-TO-DATE&#10;&gt; Task :app:preDebugBuild UP-TO-DATE&#10;&gt; Task :app:compileDebugAidl NO-SOURCE&#10;&gt; Task :app:compileDebugRenderscript NO-SOURCE&#10;&gt; Task :app:generateDebugBuildConfig&#10;&gt; Task :app:generateDebugResValues&#10;&gt; Task :app:generateDebugResources&#10;&gt; Task :app:processDebugGoogleServices&#10;&gt; Task :app:checkDebugAarMetadata&#10;&gt; Task :app:packageDebugResources&#10;&gt; Task :app:mergeDebugResources&#10;&gt; Task :app:createDebugCompatibleScreenManifests&#10;&gt; Task :app:extractDeepLinksDebug&#10;&gt; Task :app:parseDebugLocalResources&#10;&gt; Task :app:processDebugMainManifest&#10;&gt; Task :app:processDebugManifest&#10;&gt; Task :app:mergeDebugNativeDebugMetadata NO-SOURCE&#10;&gt; Task :app:mergeDebugShaders&#10;&gt; Task :app:compileDebugShaders NO-SOURCE&#10;&gt; Task :app:generateDebugAssets UP-TO-DATE&#10;&gt; Task :app:javaPreCompileDebug&#10;&gt; Task :app:mergeDebugAssets&#10;&gt; Task :app:compressDebugAssets&#10;&gt; Task :app:processDebugJavaRes NO-SOURCE&#10;&gt; Task :app:checkDebugDuplicateClasses&#10;&gt; Task :app:desugarDebugFileDependencies&#10;&gt; Task :app:mergeDebugJniLibFolders&#10;&gt; Task :app:mergeLibDexDebug&#10;&gt; Task :app:mergeDebugNativeLibs NO-SOURCE&#10;&gt; Task :app:stripDebugDebugSymbols NO-SOURCE&#10;&gt; Task :app:validateSigningDebug&#10;&gt; Task :app:writeDebugAppMetadata&#10;&gt; Task :app:writeDebugSigningConfigVersions&#10;&gt; Task :app:processDebugManifestForPackage&#10;&gt; Task :app:processDebugResources&#10;&gt; Task :app:mergeExtDexDebug&#10;&#10;&gt; Task :app:kaptGenerateStubsDebugKotlin FAILED&#10;e: java.lang.IllegalAccessError: class org.jetbrains.kotlin.kapt3.base.KaptContext (in unnamed module @0x3a780007) cannot access class com.sun.tools.javac.util.Context (in module jdk.compiler) because module jdk.compiler does not export com.sun.tools.javac.util to unnamed module @0x3a780007&#10;	at org.jetbrains.kotlin.kapt3.base.KaptContext.&lt;init&gt;(KaptContext.kt:29)&#10;	at org.jetbrains.kotlin.kapt3.KaptContextForStubGeneration.&lt;init&gt;(KaptContextForStubGeneration.kt:40)&#10;	at org.jetbrains.kotlin.kapt3.AbstractKapt3Extension.contextForStubGeneration(Kapt3Extension.kt:287)&#10;	at org.jetbrains.kotlin.kapt3.AbstractKapt3Extension.analysisCompleted(Kapt3Extension.kt:171)&#10;	at org.jetbrains.kotlin.kapt3.ClasspathBasedKapt3Extension.analysisCompleted(Kapt3Extension.kt:102)&#10;	at org.jetbrains.kotlin.cli.jvm.compiler.TopDownAnalyzerFacadeForJVM.analyzeFilesWithJavaIntegration$invokeExtensionsOnAnalysisComplete(TopDownAnalyzerFacadeForJVM.kt:112)&#10;	at org.jetbrains.kotlin.cli.jvm.compiler.TopDownAnalyzerFacadeForJVM.analyzeFilesWithJavaIntegration(TopDownAnalyzerFacadeForJVM.kt:122)&#10;	at org.jetbrains.kotlin.cli.jvm.compiler.TopDownAnalyzerFacadeForJVM.analyzeFilesWithJavaIntegration$default(TopDownAnalyzerFacadeForJVM.kt:86)&#10;	at org.jetbrains.kotlin.cli.jvm.compiler.KotlinToJVMBytecodeCompiler$analyze$1.invoke(KotlinToJVMBytecodeCompiler.kt:540)&#10;	at org.jetbrains.kotlin.cli.jvm.compiler.KotlinToJVMBytecodeCompiler$analyze$1.invoke(KotlinToJVMBytecodeCompiler.kt:531)&#10;	at org.jetbrains.kotlin.cli.common.messages.AnalyzerWithCompilerReport.analyzeAndReport(AnalyzerWithCompilerReport.kt:113)&#10;	at org.jetbrains.kotlin.cli.jvm.compiler.KotlinToJVMBytecodeCompiler.analyze(KotlinToJVMBytecodeCompiler.kt:531)&#10;	at org.jetbrains.kotlin.cli.jvm.compiler.KotlinToJVMBytecodeCompiler.compileModules$cli(KotlinToJVMBytecodeCompiler.kt:188)&#10;	at org.jetbrains.kotlin.cli.jvm.compiler.KotlinToJVMBytecodeCompiler.compileModules$cli$default(KotlinToJVMBytecodeCompiler.kt:154)&#10;	at org.jetbrains.kotlin.cli.jvm.K2JVMCompiler.doExecute(K2JVMCompiler.kt:169)&#10;	at org.jetbrains.kotlin.cli.jvm.K2JVMCompiler.doExecute(K2JVMCompiler.kt:52)&#10;	at org.jetbrains.kotlin.cli.common.CLICompiler.execImpl(CLICompiler.kt:90)&#10;	at org.jetbrains.kotlin.cli.common.CLICompiler.execImpl(CLICompiler.kt:44)&#10;	at org.jetbrains.kotlin.cli.common.CLITool.exec(CLITool.kt:98)&#10;	at org.jetbrains.kotlin.incremental.IncrementalJvmCompilerRunner.runCompiler(IncrementalJvmCompilerRunner.kt:386)&#10;	at org.jetbrains.kotlin.incremental.IncrementalJvmCompilerRunner.runCompiler(IncrementalJvmCompilerRunner.kt:110)&#10;	at org.jetbrains.kotlin.incremental.IncrementalCompilerRunner.compileIncrementally(IncrementalCompilerRunner.kt:303)&#10;	at org.jetbrains.kotlin.incremental.IncrementalCompilerRunner.compileImpl$rebuild(IncrementalCompilerRunner.kt:99)&#10;	at org.jetbrains.kotlin.incremental.IncrementalCompilerRunner.compileImpl(IncrementalCompilerRunner.kt:124)&#10;	at org.jetbrains.kotlin.incremental.IncrementalCompilerRunner.compile(IncrementalCompilerRunner.kt:74)&#10;	at org.jetbrains.kotlin.daemon.CompileServiceImplBase.execIncrementalCompiler(CompileServiceImpl.kt:607)&#10;	at org.jetbrains.kotlin.daemon.CompileServiceImplBase.access$execIncrementalCompiler(CompileServiceImpl.kt:96)&#10;	at org.jetbrains.kotlin.daemon.CompileServiceImpl.compile(CompileServiceImpl.kt:1659)&#10;	at java.base/jdk.internal.reflect.NativeMethodAccessorImpl.invoke0(Native Method)&#10;	at java.base/jdk.internal.reflect.NativeMethodAccessorImpl.invoke(NativeMethodAccessorImpl.java:77)&#10;	at java.base/jdk.internal.reflect.DelegatingMethodAccessorImpl.invoke(DelegatingMethodAccessorImpl.java:43)&#10;	at java.base/java.lang.reflect.Method.invoke(Method.java:568)&#10;	at java.rmi/sun.rmi.server.UnicastServerRef.dispatch(UnicastServerRef.java:360)&#10;	at java.rmi/sun.rmi.transport.Transport$1.run(Transport.java:200)&#10;	at java.rmi/sun.rmi.transport.Transport$1.run(Transport.java:197)&#10;	at java.base/java.security.AccessController.doPrivileged(AccessController.java:712)&#10;	at java.rmi/sun.rmi.transport.Transport.serviceCall(Transport.java:196)&#10;	at java.rmi/sun.rmi.transport.tcp.TCPTransport.handleMessages(TCPTransport.java:587)&#10;	at java.rmi/sun.rmi.transport.tcp.TCPTransport$ConnectionHandler.run0(TCPTransport.java:828)&#10;	at java.rmi/sun.rmi.transport.tcp.TCPTransport$ConnectionHandler.lambda$run$0(TCPTransport.java:705)&#10;	at java.base/java.security.AccessController.doPrivileged(AccessController.java:399)&#10;	at java.rmi/sun.rmi.transport.tcp.TCPTransport$ConnectionHandler.run(TCPTransport.java:704)&#10;	at java.base/java.util.concurrent.ThreadPoolExecutor.runWorker(ThreadPoolExecutor.java:1136)&#10;	at java.base/java.util.concurrent.ThreadPoolExecutor$Worker.run(ThreadPoolExecutor.java:635)&#10;	at java.base/java.lang.Thread.run(Thread.java:833)&#10;&#10;&#10;FAILURE: Build failed with an exception.&#10;&#10;* What went wrong:&#10;Execution failed for task &apos;:app:kaptGenerateStubsDebugKotlin&apos;.&#10;&gt; Internal compiler error. See log for more details&#10;&#10;* Try:&#10;&gt; Run with --stacktrace option to get the stack trace.&#10;&gt; Run with --info or --debug option to get more log output.&#10;&gt; Run with --scan to get full insights.&#10;&#10;* Get more help at https://help.gradle.org&#10;&#10;BUILD FAILED in 22s&#10;26 actionable tasks: 26 executed&#10;" />
        
      </testcase>
    
  </testsuite>
</testsuites>
